2017-02-14 20:15:38,843 - Resource Loader Instantiated: org.apache.velocity.runtime.resource.loader.ClasspathResourceLoader
2017-02-14 20:15:38,843 - ClasspathResourceLoader : initialization starting.
2017-02-14 20:15:38,843 - ClasspathResourceLoader : initialization complete.
2017-02-14 20:15:38,849 - ResourceCache : initialized. (class org.apache.velocity.runtime.resource.ResourceCacheImpl)
2017-02-14 20:15:38,849 - Default ResourceManager initialization complete.
2017-02-14 20:15:38,855 - Loaded System Directive: org.apache.velocity.runtime.directive.Literal
2017-02-14 20:15:38,861 - Loaded System Directive: org.apache.velocity.runtime.directive.Macro
2017-02-14 20:15:38,870 - Loaded System Directive: org.apache.velocity.runtime.directive.Parse
2017-02-14 20:15:38,876 - Loaded System Directive: org.apache.velocity.runtime.directive.Include
2017-02-14 20:15:38,879 - Loaded System Directive: org.apache.velocity.runtime.directive.Foreach
2017-02-14 20:15:38,936 - Created: 20 parsers.
2017-02-14 20:15:38,963 - Velocimacro : initialization starting.
2017-02-14 20:15:38,963 - Velocimacro : adding VMs from VM library template : VM_global_library.vm
2017-02-14 20:15:38,969 - ResourceManager : unable to find resource 'VM_global_library.vm' in any resource loader.
2017-02-14 20:15:38,970 - Velocimacro : error using  VM library template VM_global_library.vm : org.apache.velocity.exception.ResourceNotFoundException: Unable to find resource 'VM_global_library.vm'
2017-02-14 20:15:38,970 - Velocimacro :  VM library template macro registration complete.
2017-02-14 20:15:38,970 - Velocimacro : allowInline = true : VMs can be defined inline in templates
2017-02-14 20:15:38,970 - Velocimacro : allowInlineToOverride = false : VMs defined inline may NOT replace previous VM definitions
2017-02-14 20:15:38,970 - Velocimacro : allowInlineLocal = false : VMs defined inline will be  global in scope if allowed.
2017-02-14 20:15:38,970 - Velocimacro : messages on  : VM system will output logging messages
2017-02-14 20:15:38,970 - Velocimacro : autoload off  : VM system will not automatically reload global library macros
2017-02-14 20:15:38,970 - Velocimacro : initialization complete.
2017-02-14 20:15:38,970 - Velocity successfully started.
2017-02-14 20:26:18,556 - SimpleLog4JLogSystem initialized using logfile 'velocity.log'
2017-02-14 20:26:18,557 - ************************************************************** 
2017-02-14 20:26:18,557 - Starting Jakarta Velocity v1.4
2017-02-14 20:26:18,557 - RuntimeInstance initializing.
2017-02-14 20:26:18,557 - Default Properties File: org/apache/velocity/runtime/defaults/velocity.properties
2017-02-14 20:26:18,557 - Trying to use logger class org.apache.velocity.runtime.log.SimpleLog4JLogSystem
2017-02-14 20:26:18,557 - Using logger class org.apache.velocity.runtime.log.SimpleLog4JLogSystem
2017-02-14 20:26:18,567 - Default ResourceManager initializing. (class org.apache.velocity.runtime.resource.ResourceManagerImpl)
2017-02-14 20:26:18,577 - Resource Loader Instantiated: org.apache.velocity.runtime.resource.loader.ClasspathResourceLoader
2017-02-14 20:26:18,577 - ClasspathResourceLoader : initialization starting.
2017-02-14 20:26:18,577 - ClasspathResourceLoader : initialization complete.
2017-02-14 20:26:18,583 - ResourceCache : initialized. (class org.apache.velocity.runtime.resource.ResourceCacheImpl)
2017-02-14 20:26:18,583 - Default ResourceManager initialization complete.
2017-02-14 20:26:18,589 - Loaded System Directive: org.apache.velocity.runtime.directive.Literal
2017-02-14 20:26:18,595 - Loaded System Directive: org.apache.velocity.runtime.directive.Macro
2017-02-14 20:26:18,604 - Loaded System Directive: org.apache.velocity.runtime.directive.Parse
2017-02-14 20:26:18,610 - Loaded System Directive: org.apache.velocity.runtime.directive.Include
2017-02-14 20:26:18,614 - Loaded System Directive: org.apache.velocity.runtime.directive.Foreach
2017-02-14 20:26:18,670 - Created: 20 parsers.
2017-02-14 20:26:18,700 - Velocimacro : initialization starting.
2017-02-14 20:26:18,700 - Velocimacro : adding VMs from VM library template : VM_global_library.vm
2017-02-14 20:26:18,708 - ResourceManager : unable to find resource 'VM_global_library.vm' in any resource loader.
2017-02-14 20:26:18,708 - Velocimacro : error using  VM library template VM_global_library.vm : org.apache.velocity.exception.ResourceNotFoundException: Unable to find resource 'VM_global_library.vm'
2017-02-14 20:26:18,708 - Velocimacro :  VM library template macro registration complete.
2017-02-14 20:26:18,708 - Velocimacro : allowInline = true : VMs can be defined inline in templates
2017-02-14 20:26:18,708 - Velocimacro : allowInlineToOverride = false : VMs defined inline may NOT replace previous VM definitions
2017-02-14 20:26:18,708 - Velocimacro : allowInlineLocal = false : VMs defined inline will be  global in scope if allowed.
2017-02-14 20:26:18,708 - Velocimacro : messages on  : VM system will output logging messages
2017-02-14 20:26:18,708 - Velocimacro : autoload off  : VM system will not automatically reload global library macros
2017-02-14 20:26:18,708 - Velocimacro : initialization complete.
2017-02-14 20:26:18,708 - Velocity successfully started.
2017-02-14 20:30:04,598 - SimpleLog4JLogSystem initialized using logfile 'velocity.log'
2017-02-14 20:30:04,598 - ************************************************************** 
2017-02-14 20:30:04,598 - Starting Jakarta Velocity v1.4
2017-02-14 20:30:04,598 - RuntimeInstance initializing.
2017-02-14 20:30:04,598 - Default Properties File: org/apache/velocity/runtime/defaults/velocity.properties
2017-02-14 20:30:04,598 - Trying to use logger class org.apache.velocity.runtime.log.SimpleLog4JLogSystem
2017-02-14 20:30:04,599 - Using logger class org.apache.velocity.runtime.log.SimpleLog4JLogSystem
2017-02-14 20:30:04,612 - Default ResourceManager initializing. (class org.apache.velocity.runtime.resource.ResourceManagerImpl)
2017-02-14 20:30:04,625 - Resource Loader Instantiated: org.apache.velocity.runtime.resource.loader.ClasspathResourceLoader
2017-02-14 20:30:04,625 - ClasspathResourceLoader : initialization starting.
2017-02-14 20:30:04,625 - ClasspathResourceLoader : initialization complete.
2017-02-14 20:30:04,634 - ResourceCache : initialized. (class org.apache.velocity.runtime.resource.ResourceCacheImpl)
2017-02-14 20:30:04,634 - Default ResourceManager initialization complete.
2017-02-14 20:30:04,641 - Loaded System Directive: org.apache.velocity.runtime.directive.Literal
2017-02-14 20:30:04,648 - Loaded System Directive: org.apache.velocity.runtime.directive.Macro
2017-02-14 20:30:04,659 - Loaded System Directive: org.apache.velocity.runtime.directive.Parse
2017-02-14 20:30:04,666 - Loaded System Directive: org.apache.velocity.runtime.directive.Include
2017-02-14 20:30:04,669 - Loaded System Directive: org.apache.velocity.runtime.directive.Foreach
2017-02-14 20:30:04,733 - Created: 20 parsers.
2017-02-14 20:30:04,748 - Velocimacro : initialization starting.
2017-02-14 20:30:04,748 - Velocimacro : adding VMs from VM library template : VM_global_library.vm
2017-02-14 20:30:04,754 - ResourceManager : unable to find resource 'VM_global_library.vm' in any resource loader.
2017-02-14 20:30:04,754 - Velocimacro : error using  VM library template VM_global_library.vm : org.apache.velocity.exception.ResourceNotFoundException: Unable to find resource 'VM_global_library.vm'
2017-02-14 20:30:04,754 - Velocimacro :  VM library template macro registration complete.
2017-02-14 20:30:04,754 - Velocimacro : allowInline = true : VMs can be defined inline in templates
2017-02-14 20:30:04,754 - Velocimacro : allowInlineToOverride = false : VMs defined inline may NOT replace previous VM definitions
2017-02-14 20:30:04,754 - Velocimacro : allowInlineLocal = false : VMs defined inline will be  global in scope if allowed.
2017-02-14 20:30:04,754 - Velocimacro : messages on  : VM system will output logging messages
2017-02-14 20:30:04,754 - Velocimacro : autoload off  : VM system will not automatically reload global library macros
2017-02-14 20:30:04,754 - Velocimacro : initialization complete.
2017-02-14 20:30:04,754 - Velocity successfully started.
2017-02-14 20:38:42,268 - SimpleLog4JLogSystem initialized using logfile 'velocity.log'
2017-02-14 20:38:42,268 - ************************************************************** 
2017-02-14 20:38:42,268 - Starting Jakarta Velocity v1.4
2017-02-14 20:38:42,268 - RuntimeInstance initializing.
2017-02-14 20:38:42,268 - Default Properties File: org/apache/velocity/runtime/defaults/velocity.properties
2017-02-14 20:38:42,268 - Trying to use logger class org.apache.velocity.runtime.log.SimpleLog4JLogSystem
2017-02-14 20:38:42,268 - Using logger class org.apache.velocity.runtime.log.SimpleLog4JLogSystem
2017-02-14 20:38:42,278 - Default ResourceManager initializing. (class org.apache.velocity.runtime.resource.ResourceManagerImpl)
2017-02-14 20:38:42,286 - Resource Loader Instantiated: org.apache.velocity.runtime.resource.loader.ClasspathResourceLoader
2017-02-14 20:38:42,286 - ClasspathResourceLoader : initialization starting.
2017-02-14 20:38:42,286 - ClasspathResourceLoader : initialization complete.
2017-02-14 20:38:42,292 - ResourceCache : initialized. (class org.apache.velocity.runtime.resource.ResourceCacheImpl)
2017-02-14 20:38:42,292 - Default ResourceManager initialization complete.
2017-02-14 20:38:42,297 - Loaded System Directive: org.apache.velocity.runtime.directive.Literal
2017-02-14 20:38:42,303 - Loaded System Directive: org.apache.velocity.runtime.directive.Macro
2017-02-14 20:38:42,312 - Loaded System Directive: org.apache.velocity.runtime.directive.Parse
2017-02-14 20:38:42,317 - Loaded System Directive: org.apache.velocity.runtime.directive.Include
2017-02-14 20:38:42,320 - Loaded System Directive: org.apache.velocity.runtime.directive.Foreach
2017-02-14 20:38:42,373 - Created: 20 parsers.
2017-02-14 20:38:42,382 - Velocimacro : initialization starting.
2017-02-14 20:38:42,382 - Velocimacro : adding VMs from VM library template : VM_global_library.vm
2017-02-14 20:38:42,387 - ResourceManager : unable to find resource 'VM_global_library.vm' in any resource loader.
2017-02-14 20:38:42,387 - Velocimacro : error using  VM library template VM_global_library.vm : org.apache.velocity.exception.ResourceNotFoundException: Unable to find resource 'VM_global_library.vm'
2017-02-14 20:38:42,387 - Velocimacro :  VM library template macro registration complete.
2017-02-14 20:38:42,387 - Velocimacro : allowInline = true : VMs can be defined inline in templates
2017-02-14 20:38:42,387 - Velocimacro : allowInlineToOverride = false : VMs defined inline may NOT replace previous VM definitions
2017-02-14 20:38:42,387 - Velocimacro : allowInlineLocal = false : VMs defined inline will be  global in scope if allowed.
2017-02-14 20:38:42,387 - Velocimacro : messages on  : VM system will output logging messages
2017-02-14 20:38:42,387 - Velocimacro : autoload off  : VM system will not automatically reload global library macros
2017-02-14 20:38:42,387 - Velocimacro : initialization complete.
2017-02-14 20:38:42,387 - Velocity successfully started.
